<?xml version="1.0" encoding="UTF-8" ?>
<testsuite tests="60" failures="0" name="com.tradeshift.triangle.test.TriangleTypeTest" time="0.019" errors="0" skipped="50">
  <properties>
    <property name="java.runtime.name" value="Java(TM) SE Runtime Environment"/>
    <property name="sun.boot.library.path" value="C:\Program Files\Java\jdk1.8.0_91\jre\bin"/>
    <property name="java.vm.version" value="25.91-b15"/>
    <property name="java.vm.vendor" value="Oracle Corporation"/>
    <property name="java.vendor.url" value="http://java.oracle.com/"/>
    <property name="path.separator" value=";"/>
    <property name="guice.disable.misplaced.annotation.check" value="true"/>
    <property name="java.vm.name" value="Java HotSpot(TM) 64-Bit Server VM"/>
    <property name="file.encoding.pkg" value="sun.io"/>
    <property name="user.script" value=""/>
    <property name="user.country" value="US"/>
    <property name="sun.java.launcher" value="SUN_STANDARD"/>
    <property name="sun.os.patch.level" value=""/>
    <property name="java.vm.specification.name" value="Java Virtual Machine Specification"/>
    <property name="user.dir" value="C:\Users\Azin\Documents\NetBeansProjects\Triangle"/>
    <property name="java.runtime.version" value="1.8.0_91-b15"/>
    <property name="java.awt.graphicsenv" value="sun.awt.Win32GraphicsEnvironment"/>
    <property name="java.endorsed.dirs" value="C:\Program Files\Java\jdk1.8.0_91\jre\lib\endorsed"/>
    <property name="os.arch" value="amd64"/>
    <property name="java.io.tmpdir" value="C:\Users\Azin\AppData\Local\Temp\"/>
    <property name="line.separator" value="
"/>
    <property name="java.vm.specification.vendor" value="Oracle Corporation"/>
    <property name="user.variant" value=""/>
    <property name="os.name" value="Windows 10"/>
    <property name="maven.ext.class.path" value="C:\Program Files\NetBeans 8.0.2\java\maven-nblib\netbeans-eventspy.jar"/>
    <property name="classworlds.conf" value="C:\Program Files\NetBeans 8.0.2\java\maven\bin\m2.conf"/>
    <property name="sun.jnu.encoding" value="Cp1252"/>
    <property name="java.library.path" value="C:\Program Files\Java\jdk1.8.0_91\bin;C:\Windows\Sun\Java\bin;C:\Windows\system32;C:\Windows;C:\ProgramData\Oracle\Java\javapath;C:\Windows\system32;C:\Windows;C:\Windows\System32\Wbem;C:\Windows\System32\WindowsPowerShell\v1.0\;."/>
    <property name="java.specification.name" value="Java Platform API Specification"/>
    <property name="java.class.version" value="52.0"/>
    <property name="sun.management.compiler" value="HotSpot 64-Bit Tiered Compilers"/>
    <property name="os.version" value="10.0"/>
    <property name="user.home" value="C:\Users\Azin"/>
    <property name="user.timezone" value="Europe/Paris"/>
    <property name="java.awt.printerjob" value="sun.awt.windows.WPrinterJob"/>
    <property name="java.specification.version" value="1.8"/>
    <property name="file.encoding" value="UTF-8"/>
    <property name="user.name" value="Azin"/>
    <property name="java.class.path" value="C:\Program Files\NetBeans 8.0.2\java\maven\boot\plexus-classworlds-2.4.jar"/>
    <property name="java.vm.specification.version" value="1.8"/>
    <property name="sun.arch.data.model" value="64"/>
    <property name="java.home" value="C:\Program Files\Java\jdk1.8.0_91\jre"/>
    <property name="sun.java.command" value="org.codehaus.plexus.classworlds.launcher.Launcher -Dmaven.ext.class.path=C:\Program Files\NetBeans 8.0.2\java\maven-nblib\netbeans-eventspy.jar -Dfile.encoding=UTF-8 clean install"/>
    <property name="java.specification.vendor" value="Oracle Corporation"/>
    <property name="user.language" value="en"/>
    <property name="awt.toolkit" value="sun.awt.windows.WToolkit"/>
    <property name="java.vm.info" value="mixed mode"/>
    <property name="java.version" value="1.8.0_91"/>
    <property name="java.ext.dirs" value="C:\Program Files\Java\jdk1.8.0_91\jre\lib\ext;C:\Windows\Sun\Java\lib\ext"/>
    <property name="sun.boot.class.path" value="C:\Program Files\Java\jdk1.8.0_91\jre\lib\resources.jar;C:\Program Files\Java\jdk1.8.0_91\jre\lib\rt.jar;C:\Program Files\Java\jdk1.8.0_91\jre\lib\sunrsasign.jar;C:\Program Files\Java\jdk1.8.0_91\jre\lib\jsse.jar;C:\Program Files\Java\jdk1.8.0_91\jre\lib\jce.jar;C:\Program Files\Java\jdk1.8.0_91\jre\lib\charsets.jar;C:\Program Files\Java\jdk1.8.0_91\jre\lib\jfr.jar;C:\Program Files\Java\jdk1.8.0_91\jre\classes"/>
    <property name="java.vendor" value="Oracle Corporation"/>
    <property name="maven.home" value="C:\Program Files\NetBeans 8.0.2\java\maven"/>
    <property name="file.separator" value="\"/>
    <property name="java.vendor.url.bug" value="http://bugreport.sun.com/bugreport/"/>
    <property name="sun.cpu.endian" value="little"/>
    <property name="sun.io.unicode.encoding" value="UnicodeLittle"/>
    <property name="sun.desktop" value="windows"/>
    <property name="sun.cpu.isalist" value="amd64"/>
  </properties>
  <testcase classname="com.tradeshift.triangle.test.TriangleTypeTest" name="scaleneTypeTest[0]" time="0"/>
  <testcase classname="com.tradeshift.triangle.test.TriangleTypeTest" name="isoscelesTypeTest[0]" time="0">
    <skipped/>
  </testcase>
  <testcase classname="com.tradeshift.triangle.test.TriangleTypeTest" name="notScaleneTypeTest[0]" time="0">
    <skipped/>
  </testcase>
  <testcase classname="com.tradeshift.triangle.test.TriangleTypeTest" name="equilateralTypeTest[0]" time="0">
    <skipped/>
  </testcase>
  <testcase classname="com.tradeshift.triangle.test.TriangleTypeTest" name="notIsoscelesTypeTest[0]" time="0">
    <skipped/>
  </testcase>
  <testcase classname="com.tradeshift.triangle.test.TriangleTypeTest" name="notEquilateralTypeTest[0]" time="0">
    <skipped/>
  </testcase>
  <testcase classname="com.tradeshift.triangle.test.TriangleTypeTest" name="scaleneTypeTest[1]" time="0"/>
  <testcase classname="com.tradeshift.triangle.test.TriangleTypeTest" name="isoscelesTypeTest[1]" time="0">
    <skipped/>
  </testcase>
  <testcase classname="com.tradeshift.triangle.test.TriangleTypeTest" name="notScaleneTypeTest[1]" time="0">
    <skipped/>
  </testcase>
  <testcase classname="com.tradeshift.triangle.test.TriangleTypeTest" name="equilateralTypeTest[1]" time="0">
    <skipped/>
  </testcase>
  <testcase classname="com.tradeshift.triangle.test.TriangleTypeTest" name="notIsoscelesTypeTest[1]" time="0">
    <skipped/>
  </testcase>
  <testcase classname="com.tradeshift.triangle.test.TriangleTypeTest" name="notEquilateralTypeTest[1]" time="0">
    <skipped/>
  </testcase>
  <testcase classname="com.tradeshift.triangle.test.TriangleTypeTest" name="scaleneTypeTest[2]" time="0"/>
  <testcase classname="com.tradeshift.triangle.test.TriangleTypeTest" name="isoscelesTypeTest[2]" time="0">
    <skipped/>
  </testcase>
  <testcase classname="com.tradeshift.triangle.test.TriangleTypeTest" name="notScaleneTypeTest[2]" time="0">
    <skipped/>
  </testcase>
  <testcase classname="com.tradeshift.triangle.test.TriangleTypeTest" name="equilateralTypeTest[2]" time="0">
    <skipped/>
  </testcase>
  <testcase classname="com.tradeshift.triangle.test.TriangleTypeTest" name="notIsoscelesTypeTest[2]" time="0">
    <skipped/>
  </testcase>
  <testcase classname="com.tradeshift.triangle.test.TriangleTypeTest" name="notEquilateralTypeTest[2]" time="0">
    <skipped/>
  </testcase>
  <testcase classname="com.tradeshift.triangle.test.TriangleTypeTest" name="scaleneTypeTest[3]" time="0">
    <skipped/>
  </testcase>
  <testcase classname="com.tradeshift.triangle.test.TriangleTypeTest" name="isoscelesTypeTest[3]" time="0"/>
  <testcase classname="com.tradeshift.triangle.test.TriangleTypeTest" name="notScaleneTypeTest[3]" time="0">
    <skipped/>
  </testcase>
  <testcase classname="com.tradeshift.triangle.test.TriangleTypeTest" name="equilateralTypeTest[3]" time="0">
    <skipped/>
  </testcase>
  <testcase classname="com.tradeshift.triangle.test.TriangleTypeTest" name="notIsoscelesTypeTest[3]" time="0">
    <skipped/>
  </testcase>
  <testcase classname="com.tradeshift.triangle.test.TriangleTypeTest" name="notEquilateralTypeTest[3]" time="0">
    <skipped/>
  </testcase>
  <testcase classname="com.tradeshift.triangle.test.TriangleTypeTest" name="scaleneTypeTest[4]" time="0">
    <skipped/>
  </testcase>
  <testcase classname="com.tradeshift.triangle.test.TriangleTypeTest" name="isoscelesTypeTest[4]" time="0"/>
  <testcase classname="com.tradeshift.triangle.test.TriangleTypeTest" name="notScaleneTypeTest[4]" time="0">
    <skipped/>
  </testcase>
  <testcase classname="com.tradeshift.triangle.test.TriangleTypeTest" name="equilateralTypeTest[4]" time="0">
    <skipped/>
  </testcase>
  <testcase classname="com.tradeshift.triangle.test.TriangleTypeTest" name="notIsoscelesTypeTest[4]" time="0">
    <skipped/>
  </testcase>
  <testcase classname="com.tradeshift.triangle.test.TriangleTypeTest" name="notEquilateralTypeTest[4]" time="0">
    <skipped/>
  </testcase>
  <testcase classname="com.tradeshift.triangle.test.TriangleTypeTest" name="scaleneTypeTest[5]" time="0">
    <skipped/>
  </testcase>
  <testcase classname="com.tradeshift.triangle.test.TriangleTypeTest" name="isoscelesTypeTest[5]" time="0"/>
  <testcase classname="com.tradeshift.triangle.test.TriangleTypeTest" name="notScaleneTypeTest[5]" time="0">
    <skipped/>
  </testcase>
  <testcase classname="com.tradeshift.triangle.test.TriangleTypeTest" name="equilateralTypeTest[5]" time="0">
    <skipped/>
  </testcase>
  <testcase classname="com.tradeshift.triangle.test.TriangleTypeTest" name="notIsoscelesTypeTest[5]" time="0">
    <skipped/>
  </testcase>
  <testcase classname="com.tradeshift.triangle.test.TriangleTypeTest" name="notEquilateralTypeTest[5]" time="0">
    <skipped/>
  </testcase>
  <testcase classname="com.tradeshift.triangle.test.TriangleTypeTest" name="scaleneTypeTest[6]" time="0">
    <skipped/>
  </testcase>
  <testcase classname="com.tradeshift.triangle.test.TriangleTypeTest" name="isoscelesTypeTest[6]" time="0">
    <skipped/>
  </testcase>
  <testcase classname="com.tradeshift.triangle.test.TriangleTypeTest" name="notScaleneTypeTest[6]" time="0">
    <skipped/>
  </testcase>
  <testcase classname="com.tradeshift.triangle.test.TriangleTypeTest" name="equilateralTypeTest[6]" time="0"/>
  <testcase classname="com.tradeshift.triangle.test.TriangleTypeTest" name="notIsoscelesTypeTest[6]" time="0">
    <skipped/>
  </testcase>
  <testcase classname="com.tradeshift.triangle.test.TriangleTypeTest" name="notEquilateralTypeTest[6]" time="0">
    <skipped/>
  </testcase>
  <testcase classname="com.tradeshift.triangle.test.TriangleTypeTest" name="scaleneTypeTest[7]" time="0">
    <skipped/>
  </testcase>
  <testcase classname="com.tradeshift.triangle.test.TriangleTypeTest" name="isoscelesTypeTest[7]" time="0">
    <skipped/>
  </testcase>
  <testcase classname="com.tradeshift.triangle.test.TriangleTypeTest" name="notScaleneTypeTest[7]" time="0"/>
  <testcase classname="com.tradeshift.triangle.test.TriangleTypeTest" name="equilateralTypeTest[7]" time="0">
    <skipped/>
  </testcase>
  <testcase classname="com.tradeshift.triangle.test.TriangleTypeTest" name="notIsoscelesTypeTest[7]" time="0">
    <skipped/>
  </testcase>
  <testcase classname="com.tradeshift.triangle.test.TriangleTypeTest" name="notEquilateralTypeTest[7]" time="0">
    <skipped/>
  </testcase>
  <testcase classname="com.tradeshift.triangle.test.TriangleTypeTest" name="scaleneTypeTest[8]" time="0">
    <skipped/>
  </testcase>
  <testcase classname="com.tradeshift.triangle.test.TriangleTypeTest" name="isoscelesTypeTest[8]" time="0">
    <skipped/>
  </testcase>
  <testcase classname="com.tradeshift.triangle.test.TriangleTypeTest" name="notScaleneTypeTest[8]" time="0">
    <skipped/>
  </testcase>
  <testcase classname="com.tradeshift.triangle.test.TriangleTypeTest" name="equilateralTypeTest[8]" time="0">
    <skipped/>
  </testcase>
  <testcase classname="com.tradeshift.triangle.test.TriangleTypeTest" name="notIsoscelesTypeTest[8]" time="0"/>
  <testcase classname="com.tradeshift.triangle.test.TriangleTypeTest" name="notEquilateralTypeTest[8]" time="0">
    <skipped/>
  </testcase>
  <testcase classname="com.tradeshift.triangle.test.TriangleTypeTest" name="scaleneTypeTest[9]" time="0">
    <skipped/>
  </testcase>
  <testcase classname="com.tradeshift.triangle.test.TriangleTypeTest" name="isoscelesTypeTest[9]" time="0">
    <skipped/>
  </testcase>
  <testcase classname="com.tradeshift.triangle.test.TriangleTypeTest" name="notScaleneTypeTest[9]" time="0">
    <skipped/>
  </testcase>
  <testcase classname="com.tradeshift.triangle.test.TriangleTypeTest" name="equilateralTypeTest[9]" time="0">
    <skipped/>
  </testcase>
  <testcase classname="com.tradeshift.triangle.test.TriangleTypeTest" name="notIsoscelesTypeTest[9]" time="0">
    <skipped/>
  </testcase>
  <testcase classname="com.tradeshift.triangle.test.TriangleTypeTest" name="notEquilateralTypeTest[9]" time="0"/>
</testsuite>